<?xml version="1.0" encoding="UTF-8"?>
<!-- Generated by org.testng.reporters.JUnitReportReporter -->
<testsuite hostname="LAPTOP-IG81UO9R" failures="0" tests="1" name="com.ds.testLayer.LogoutFunctionality" time="15.440" errors="0" timestamp="2023-02-01T11:43:37 IST" skipped="0">
  <testcase classname="com.ds.testLayer.LogoutFunctionality" name="verifyLogOuTFunctionality" time="15.440"/>
  <system-out/>
</testsuite> <!-- com.ds.testLayer.LogoutFunctionality -->
