<?xml version="1.0" encoding="UTF-8"?>
<!-- Generated by org.testng.reporters.JUnitReportReporter -->
<testsuite hostname="LAPTOP-IG81UO9R" failures="0" tests="1" name="com.ds.testLayer.TransactionTest" time="16.600" errors="0" timestamp="2023-02-28T23:25:56 IST" skipped="0">
  <testcase classname="com.ds.testLayer.TransactionTest" name="getDataFromTransactionPage" time="16.600"/>
  <system-out/>
</testsuite> <!-- com.ds.testLayer.TransactionTest -->
